<?xml version="1.0" encoding="UTF-8"?>
<!-- Generated by org.testng.reporters.JUnitXMLReporter -->
<testsuite ignored="0" hostname="DESKTOP-DEG1UMM" failures="0" tests="4" name="Surefire test" time="0.089" errors="0" timestamp="2019-12-11T21:38:20 IST">
  <testcase classname="maventest.APIDummyTest" name="four" time="0.02"/>
  <testcase classname="maventest.APIDummyTest" name="three" time="0.005"/>
  <testcase classname="maventest.SeleniumDummyTest" name="one" time="0.0"/>
  <testcase classname="maventest.SeleniumDummyTest" name="two" time="0.0"/>
</testsuite> <!-- Surefire test -->
