<?xml version="1.0" encoding="UTF-8"?>
<testng-results ignored="0" total="2" passed="2" failed="0" skipped="0">
  <reporter-output>
  </reporter-output>
  <suite started-at="2019-12-11T21:40:15 IST" name="Suite" finished-at="2019-12-11T21:40:15 IST" duration-ms="48">
    <groups>
    </groups>
    <test started-at="2019-12-11T21:40:15 IST" name="Test" finished-at="2019-12-11T21:40:15 IST" duration-ms="48">
      <class name="maventest.APIDummyTest">
        <test-method signature="four()[pri:0, instance:maventest.APIDummyTest@2893de87]" started-at="2019-12-11T21:40:15 IST" name="four" finished-at="2019-12-11T21:40:15 IST" duration-ms="9" status="PASS">
          <reporter-output>
          </reporter-output>
        </test-method> <!-- four -->
        <test-method signature="three()[pri:0, instance:maventest.APIDummyTest@2893de87]" started-at="2019-12-11T21:40:15 IST" name="three" finished-at="2019-12-11T21:40:15 IST" duration-ms="0" status="PASS">
          <reporter-output>
          </reporter-output>
        </test-method> <!-- three -->
      </class> <!-- maventest.APIDummyTest -->
    </test> <!-- Test -->
  </suite> <!-- Suite -->
</testng-results>
