<?xml version="1.0" encoding="UTF-8"?>
<testng-results ignored="0" total="2" passed="2" failed="0" skipped="0">
  <reporter-output>
  </reporter-output>
  <suite started-at="2019-12-11T21:09:52 IST" name="Suite" finished-at="2019-12-11T21:09:53 IST" duration-ms="94">
    <groups>
    </groups>
    <test started-at="2019-12-11T21:09:52 IST" name="Test" finished-at="2019-12-11T21:09:53 IST" duration-ms="94">
      <class name="maventest.SeleniumDummyTest">
        <test-method signature="one()[pri:0, instance:maventest.SeleniumDummyTest@7c469c48]" started-at="2019-12-11T21:09:52 IST" name="one" finished-at="2019-12-11T21:09:53 IST" duration-ms="21" status="PASS">
          <reporter-output>
          </reporter-output>
        </test-method> <!-- one -->
        <test-method signature="two()[pri:0, instance:maventest.SeleniumDummyTest@7c469c48]" started-at="2019-12-11T21:09:53 IST" name="two" finished-at="2019-12-11T21:09:53 IST" duration-ms="3" status="PASS">
          <reporter-output>
          </reporter-output>
        </test-method> <!-- two -->
      </class> <!-- maventest.SeleniumDummyTest -->
    </test> <!-- Test -->
  </suite> <!-- Suite -->
</testng-results>
